<?xml version="1.0" encoding="UTF-8"?>
<testng-results ignored="0" total="1" passed="1" failed="0" skipped="0">
  <reporter-output>
  </reporter-output>
  <suite started-at="2021-10-07T11:45:33 IST" name="Default suite" finished-at="2021-10-07T11:45:41 IST" duration-ms="7738">
    <groups>
    </groups>
    <test started-at="2021-10-07T11:45:33 IST" name="Default test" finished-at="2021-10-07T11:45:41 IST" duration-ms="7738">
      <class name="RestPackage.Base">
        <test-method signature="Tc1()[pri:0, instance:RestPackage.Base@46b61c56]" started-at="2021-10-07T11:45:33 IST" name="Tc1" finished-at="2021-10-07T11:45:40 IST" duration-ms="7388" status="PASS">
          <reporter-output>
          </reporter-output>
        </test-method> <!-- Tc1 -->
      </class> <!-- RestPackage.Base -->
    </test> <!-- Default test -->
  </suite> <!-- Default suite -->
</testng-results>
